<?xml version="1.0" encoding="UTF-8"?>
<testng-results skipped="0" failed="0" total="1" passed="1">
  <reporter-output>
  </reporter-output>
  <suite name="Default suite" duration-ms="14595" started-at="2019-09-16T14:28:07Z" finished-at="2019-09-16T14:28:21Z">
    <groups>
    </groups>
    <test name="Default test" duration-ms="14595" started-at="2019-09-16T14:28:07Z" finished-at="2019-09-16T14:28:21Z">
      <class name="com.selenium.grid.GridExampleTest1">
        <test-method status="PASS" signature="setUp()[pri:0, instance:com.selenium.grid.GridExampleTest1@31dc339b]" name="setUp" is-config="true" duration-ms="6084" started-at="2019-09-16T22:28:07Z" finished-at="2019-09-16T22:28:13Z">
          <reporter-output>
          </reporter-output>
        </test-method> <!-- setUp -->
        <test-method status="PASS" signature="testGooglePageTitleInIEBrowser()[pri:0, instance:com.selenium.grid.GridExampleTest1@31dc339b]" name="testGooglePageTitleInIEBrowser" duration-ms="5807" started-at="2019-09-16T22:28:13Z" description="login" finished-at="2019-09-16T22:28:19Z">
          <reporter-output>
          </reporter-output>
        </test-method> <!-- testGooglePageTitleInIEBrowser -->
        <test-method status="PASS" signature="closeBrowser()[pri:0, instance:com.selenium.grid.GridExampleTest1@31dc339b]" name="closeBrowser" is-config="true" duration-ms="2041" started-at="2019-09-16T22:28:19Z" finished-at="2019-09-16T22:28:21Z">
          <reporter-output>
          </reporter-output>
        </test-method> <!-- closeBrowser -->
      </class> <!-- com.selenium.grid.GridExampleTest1 -->
    </test> <!-- Default test -->
  </suite> <!-- Default suite -->
</testng-results>
